MASTER UNIVERSITARIO EN INTELIGENCIA COMPUTACIONAL E INTERNET DE LAS COSAS/Analisis, Diseño y Procesamiento de Datos Aplicados a las Ciencias y a las Tecnologías(ADP)/trabajoscomprimidos/Apartado2/LocationTrackAltitud/app/build/intermediates/manifest_merge_blame_file/debug/manifest-merger-blame-debug-report.txt
1<?xml version="1.0" encoding="utf-8"?>
2<manifest xmlns:android="http://schemas.android.com/apk/res/android"
3    xmlns:dist="http://schemas.android.com/apk/distribution"
4    package="com.example.locationtrack"
5    android:versionCode="1"
6    android:versionName="1.0" >
7
8    <uses-sdk
9        android:minSdkVersion="26"
9-->src\main\AndroidManifest.xml
10        android:targetSdkVersion="31" />
10-->src\main\AndroidManifest.xml
11
12    <dist:module dist:instant="true" />
12-->src\main\AndroidManifest.xml:7:5-40
12-->src\main\AndroidManifest.xml:7:18-37
13
14    <uses-permission android:name="android.permission.ACCESS_FINE_LOCATION" />
14-->src\main\AndroidManifest.xml:9:5-79
14-->src\main\AndroidManifest.xml:9:22-76
15    <uses-permission android:name="android.permission.ACCESS_COARSE_LOCATION" />
15-->src\main\AndroidManifest.xml:10:5-81
15-->src\main\AndroidManifest.xml:10:22-78
16    <uses-permission android:name="android.permission.INTERNET" />
16-->src\main\AndroidManifest.xml:11:5-67
16-->src\main\AndroidManifest.xml:11:22-64
17    <uses-permission android:name="android.permission.FOREGROUND_SERVICE" />
17-->src\main\AndroidManifest.xml:12:5-77
17-->src\main\AndroidManifest.xml:12:22-74
18    <uses-permission android:name="android.permission.ACCESS_BACKGROUND_LOCATION" />
18-->src\main\AndroidManifest.xml:13:5-85
18-->src\main\AndroidManifest.xml:13:22-82
19    <uses-permission android:name="android.permission.ACCESS_NETWORK_STATE" />
19-->[io.realm:realm-android-library-object-server:10.8.1] AndroidManifest.xml:10:5-79
19-->[io.realm:realm-android-library-object-server:10.8.1] AndroidManifest.xml:10:22-76
20    <uses-permission android:name="android.permission.WAKE_LOCK" />
20-->[com.google.android.gms:play-services-measurement-api:19.0.0] AndroidManifest.xml:24:5-68
20-->[com.google.android.gms:play-services-measurement-api:19.0.0] AndroidManifest.xml:24:22-65
21    <uses-permission android:name="com.google.android.finsky.permission.BIND_GET_INSTALL_REFERRER_SERVICE" />
21-->[com.google.android.gms:play-services-measurement:19.0.0] AndroidManifest.xml:26:5-110
21-->[com.google.android.gms:play-services-measurement:19.0.0] AndroidManifest.xml:26:22-107
22
23    <application
23-->src\main\AndroidManifest.xml:15:5-40:19
24        android:allowBackup="true"
24-->src\main\AndroidManifest.xml:16:9-35
25        android:appComponentFactory="androidx.core.app.CoreComponentFactory"
25-->[androidx.core:core:1.7.0] AndroidManifest.xml:24:18-86
26        android:debuggable="true"
27        android:extractNativeLibs="false"
28        android:fullBackupOnly="true"
28-->src\main\AndroidManifest.xml:17:9-38
29        android:icon="@mipmap/ic_launcher"
29-->src\main\AndroidManifest.xml:18:9-43
30        android:label="@string/app_name"
30-->src\main\AndroidManifest.xml:19:9-41
31        android:roundIcon="@mipmap/ic_launcher_round"
31-->src\main\AndroidManifest.xml:20:9-54
32        android:supportsRtl="true"
32-->src\main\AndroidManifest.xml:21:9-35
33        android:testOnly="true"
34        android:theme="@style/Theme.LocationTrack" >
34-->src\main\AndroidManifest.xml:22:9-51
35        <service
35-->src\main\AndroidManifest.xml:23:9-29:15
36            android:name="com.example.locationtrack.TrackingService"
36-->src\main\AndroidManifest.xml:24:13-44
37            android:enabled="true"
37-->src\main\AndroidManifest.xml:26:13-35
38            android:exported="true"
38-->src\main\AndroidManifest.xml:27:13-36
39            android:foregroundServiceType="location"
39-->src\main\AndroidManifest.xml:25:13-53
40            android:permission="android.permission.ACCESS_FINE_LOCATION, android.permission.INTERNET" />
40-->src\main\AndroidManifest.xml:28:13-102
41
42        <activity
42-->src\main\AndroidManifest.xml:31:9-39:20
43            android:name="com.example.locationtrack.MainActivity"
43-->src\main\AndroidManifest.xml:31:19-47
44            android:exported="true" >
44-->src\main\AndroidManifest.xml:32:13-36
45            <intent-filter>
45-->src\main\AndroidManifest.xml:34:13-38:29
46                <action android:name="android.intent.action.MAIN" />
46-->src\main\AndroidManifest.xml:35:17-69
46-->src\main\AndroidManifest.xml:35:25-66
47
48                <category android:name="android.intent.category.LAUNCHER" />
48-->src\main\AndroidManifest.xml:37:17-77
48-->src\main\AndroidManifest.xml:37:27-74
49            </intent-filter>
50        </activity>
51
52        <service
52-->[com.google.firebase:firebase-crashlytics-ktx:18.2.1] AndroidManifest.xml:24:9-30:19
53            android:name="com.google.firebase.components.ComponentDiscoveryService"
53-->[com.google.firebase:firebase-crashlytics-ktx:18.2.1] AndroidManifest.xml:25:13-84
54            android:directBootAware="true"
54-->[com.google.firebase:firebase-common:20.0.0] AndroidManifest.xml:35:13-43
55            android:exported="false" >
55-->[com.google.firebase:firebase-crashlytics-ktx:18.2.1] AndroidManifest.xml:26:13-37
56            <meta-data
56-->[com.google.firebase:firebase-crashlytics-ktx:18.2.1] AndroidManifest.xml:27:13-29:85
57                android:name="com.google.firebase.components:com.google.firebase.crashlytics.ktx.FirebaseCrashlyticsKtxRegistrar"
57-->[com.google.firebase:firebase-crashlytics-ktx:18.2.1] AndroidManifest.xml:28:17-130
58                android:value="com.google.firebase.components.ComponentRegistrar" />
58-->[com.google.firebase:firebase-crashlytics-ktx:18.2.1] AndroidManifest.xml:29:17-82
59            <meta-data
59-->[com.google.firebase:firebase-analytics-ktx:19.0.0] AndroidManifest.xml:11:13-13:85
60                android:name="com.google.firebase.components:com.google.firebase.analytics.ktx.FirebaseAnalyticsKtxRegistrar"
60-->[com.google.firebase:firebase-analytics-ktx:19.0.0] AndroidManifest.xml:12:17-126
61                android:value="com.google.firebase.components.ComponentRegistrar" />
61-->[com.google.firebase:firebase-analytics-ktx:19.0.0] AndroidManifest.xml:13:17-82
62            <meta-data
62-->[com.google.firebase:firebase-auth-ktx:21.0.1] AndroidManifest.xml:11:13-13:85
63                android:name="com.google.firebase.components:com.google.firebase.auth.ktx.FirebaseAuthKtxRegistrar"
63-->[com.google.firebase:firebase-auth-ktx:21.0.1] AndroidManifest.xml:12:17-116
64                android:value="com.google.firebase.components.ComponentRegistrar" />
64-->[com.google.firebase:firebase-auth-ktx:21.0.1] AndroidManifest.xml:13:17-82
65            <meta-data
65-->[com.google.firebase:firebase-firestore-ktx:23.0.3] AndroidManifest.xml:15:13-17:85
66                android:name="com.google.firebase.components:com.google.firebase.firestore.ktx.FirebaseFirestoreKtxRegistrar"
66-->[com.google.firebase:firebase-firestore-ktx:23.0.3] AndroidManifest.xml:16:17-126
67                android:value="com.google.firebase.components.ComponentRegistrar" />
67-->[com.google.firebase:firebase-firestore-ktx:23.0.3] AndroidManifest.xml:17:17-82
68            <meta-data
68-->[com.google.firebase:firebase-crashlytics:18.2.1] AndroidManifest.xml:18:13-20:85
69                android:name="com.google.firebase.components:com.google.firebase.crashlytics.CrashlyticsRegistrar"
69-->[com.google.firebase:firebase-crashlytics:18.2.1] AndroidManifest.xml:19:17-115
70                android:value="com.google.firebase.components.ComponentRegistrar" />
70-->[com.google.firebase:firebase-crashlytics:18.2.1] AndroidManifest.xml:20:17-82
71            <meta-data
71-->[com.google.firebase:firebase-auth:21.0.1] AndroidManifest.xml:77:13-79:85
72                android:name="com.google.firebase.components:com.google.firebase.auth.FirebaseAuthRegistrar"
72-->[com.google.firebase:firebase-auth:21.0.1] AndroidManifest.xml:78:17-109
73                android:value="com.google.firebase.components.ComponentRegistrar" />
73-->[com.google.firebase:firebase-auth:21.0.1] AndroidManifest.xml:79:17-82
74            <meta-data
74-->[com.google.firebase:firebase-firestore:23.0.3] AndroidManifest.xml:20:13-22:85
75                android:name="com.google.firebase.components:com.google.firebase.firestore.FirestoreRegistrar"
75-->[com.google.firebase:firebase-firestore:23.0.3] AndroidManifest.xml:21:17-111
76                android:value="com.google.firebase.components.ComponentRegistrar" />
76-->[com.google.firebase:firebase-firestore:23.0.3] AndroidManifest.xml:22:17-82
77            <meta-data
77-->[com.google.firebase:firebase-common-ktx:20.0.0] AndroidManifest.xml:15:13-17:85
78                android:name="com.google.firebase.components:com.google.firebase.ktx.FirebaseCommonKtxRegistrar"
78-->[com.google.firebase:firebase-common-ktx:20.0.0] AndroidManifest.xml:16:17-113
79                android:value="com.google.firebase.components.ComponentRegistrar" />
79-->[com.google.firebase:firebase-common-ktx:20.0.0] AndroidManifest.xml:17:17-82
80            <meta-data
80-->[com.google.android.gms:play-services-measurement-api:19.0.0] AndroidManifest.xml:30:13-32:85
81                android:name="com.google.firebase.components:com.google.firebase.analytics.connector.internal.AnalyticsConnectorRegistrar"
81-->[com.google.android.gms:play-services-measurement-api:19.0.0] AndroidManifest.xml:31:17-139
82                android:value="com.google.firebase.components.ComponentRegistrar" />
82-->[com.google.android.gms:play-services-measurement-api:19.0.0] AndroidManifest.xml:32:17-82
83            <meta-data
83-->[com.google.firebase:firebase-installations:17.0.0] AndroidManifest.xml:18:13-20:85
84                android:name="com.google.firebase.components:com.google.firebase.installations.FirebaseInstallationsRegistrar"
84-->[com.google.firebase:firebase-installations:17.0.0] AndroidManifest.xml:19:17-127
85                android:value="com.google.firebase.components.ComponentRegistrar" />
85-->[com.google.firebase:firebase-installations:17.0.0] AndroidManifest.xml:20:17-82
86        </service>
87        <service
87-->[com.google.android.datatransport:transport-backend-cct:3.0.0] AndroidManifest.xml:29:9-35:19
88            android:name="com.google.android.datatransport.runtime.backends.TransportBackendDiscovery"
88-->[com.google.android.datatransport:transport-backend-cct:3.0.0] AndroidManifest.xml:30:13-103
89            android:exported="false" >
89-->[com.google.android.datatransport:transport-backend-cct:3.0.0] AndroidManifest.xml:31:13-37
90            <meta-data
90-->[com.google.android.datatransport:transport-backend-cct:3.0.0] AndroidManifest.xml:32:13-34:39
91                android:name="backend:com.google.android.datatransport.cct.CctBackendFactory"
91-->[com.google.android.datatransport:transport-backend-cct:3.0.0] AndroidManifest.xml:33:17-94
92                android:value="cct" />
92-->[com.google.android.datatransport:transport-backend-cct:3.0.0] AndroidManifest.xml:34:17-36
93        </service>
94
95        <activity
95-->[com.google.firebase:firebase-auth:21.0.1] AndroidManifest.xml:27:9-44:20
96            android:name="com.google.firebase.auth.internal.GenericIdpActivity"
96-->[com.google.firebase:firebase-auth:21.0.1] AndroidManifest.xml:28:13-80
97            android:excludeFromRecents="true"
97-->[com.google.firebase:firebase-auth:21.0.1] AndroidManifest.xml:29:13-46
98            android:exported="true"
98-->[com.google.firebase:firebase-auth:21.0.1] AndroidManifest.xml:30:13-36
99            android:launchMode="singleTask"
99-->[com.google.firebase:firebase-auth:21.0.1] AndroidManifest.xml:31:13-44
100            android:theme="@android:style/Theme.Translucent.NoTitleBar" >
100-->[com.google.firebase:firebase-auth:21.0.1] AndroidManifest.xml:32:13-72
101            <intent-filter>
101-->[com.google.firebase:firebase-auth:21.0.1] AndroidManifest.xml:33:13-43:29
102                <action android:name="android.intent.action.VIEW" />
102-->[com.google.firebase:firebase-auth:21.0.1] AndroidManifest.xml:34:17-69
102-->[com.google.firebase:firebase-auth:21.0.1] AndroidManifest.xml:34:25-66
103
104                <category android:name="android.intent.category.DEFAULT" />
104-->[com.google.firebase:firebase-auth:21.0.1] AndroidManifest.xml:36:17-76
104-->[com.google.firebase:firebase-auth:21.0.1] AndroidManifest.xml:36:27-73
105                <category android:name="android.intent.category.BROWSABLE" />
105-->[com.google.firebase:firebase-auth:21.0.1] AndroidManifest.xml:37:17-78
105-->[com.google.firebase:firebase-auth:21.0.1] AndroidManifest.xml:37:27-75
106
107                <data
107-->[com.google.firebase:firebase-auth:21.0.1] AndroidManifest.xml:39:17-42:51
108                    android:host="firebase.auth"
108-->[com.google.firebase:firebase-auth:21.0.1] AndroidManifest.xml:40:21-49
109                    android:path="/"
109-->[com.google.firebase:firebase-auth:21.0.1] AndroidManifest.xml:41:21-37
110                    android:scheme="genericidp" />
110-->[com.google.firebase:firebase-auth:21.0.1] AndroidManifest.xml:42:21-48
111            </intent-filter>
112        </activity>
113        <activity
113-->[com.google.firebase:firebase-auth:21.0.1] AndroidManifest.xml:45:9-62:20
114            android:name="com.google.firebase.auth.internal.RecaptchaActivity"
114-->[com.google.firebase:firebase-auth:21.0.1] AndroidManifest.xml:46:13-79
115            android:excludeFromRecents="true"
115-->[com.google.firebase:firebase-auth:21.0.1] AndroidManifest.xml:47:13-46
116            android:exported="true"
116-->[com.google.firebase:firebase-auth:21.0.1] AndroidManifest.xml:48:13-36
117            android:launchMode="singleTask"
117-->[com.google.firebase:firebase-auth:21.0.1] AndroidManifest.xml:49:13-44
118            android:theme="@android:style/Theme.Translucent.NoTitleBar" >
118-->[com.google.firebase:firebase-auth:21.0.1] AndroidManifest.xml:50:13-72
119            <intent-filter>
119-->[com.google.firebase:firebase-auth:21.0.1] AndroidManifest.xml:51:13-61:29
120                <action android:name="android.intent.action.VIEW" />
120-->[com.google.firebase:firebase-auth:21.0.1] AndroidManifest.xml:34:17-69
120-->[com.google.firebase:firebase-auth:21.0.1] AndroidManifest.xml:34:25-66
121
122                <category android:name="android.intent.category.DEFAULT" />
122-->[com.google.firebase:firebase-auth:21.0.1] AndroidManifest.xml:36:17-76
122-->[com.google.firebase:firebase-auth:21.0.1] AndroidManifest.xml:36:27-73
123                <category android:name="android.intent.category.BROWSABLE" />
123-->[com.google.firebase:firebase-auth:21.0.1] AndroidManifest.xml:37:17-78
123-->[com.google.firebase:firebase-auth:21.0.1] AndroidManifest.xml:37:27-75
124
125                <data
125-->[com.google.firebase:firebase-auth:21.0.1] AndroidManifest.xml:39:17-42:51
126                    android:host="firebase.auth"
126-->[com.google.firebase:firebase-auth:21.0.1] AndroidManifest.xml:40:21-49
127                    android:path="/"
127-->[com.google.firebase:firebase-auth:21.0.1] AndroidManifest.xml:41:21-37
128                    android:scheme="recaptcha" />
128-->[com.google.firebase:firebase-auth:21.0.1] AndroidManifest.xml:42:21-48
129            </intent-filter>
130        </activity>
131
132        <service
132-->[com.google.firebase:firebase-auth:21.0.1] AndroidManifest.xml:64:9-73:19
133            android:name="com.google.firebase.auth.api.fallback.service.FirebaseAuthFallbackService"
133-->[com.google.firebase:firebase-auth:21.0.1] AndroidManifest.xml:65:13-101
134            android:enabled="true"
134-->[com.google.firebase:firebase-auth:21.0.1] AndroidManifest.xml:66:13-35
135            android:exported="false" >
135-->[com.google.firebase:firebase-auth:21.0.1] AndroidManifest.xml:67:13-37
136            <intent-filter>
136-->[com.google.firebase:firebase-auth:21.0.1] AndroidManifest.xml:68:13-72:29
137                <action android:name="com.google.firebase.auth.api.gms.service.START" />
137-->[com.google.firebase:firebase-auth:21.0.1] AndroidManifest.xml:69:17-89
137-->[com.google.firebase:firebase-auth:21.0.1] AndroidManifest.xml:69:25-86
138
139                <category android:name="android.intent.category.DEFAULT" />
139-->[com.google.firebase:firebase-auth:21.0.1] AndroidManifest.xml:36:17-76
139-->[com.google.firebase:firebase-auth:21.0.1] AndroidManifest.xml:36:27-73
140            </intent-filter>
141        </service>
142
143        <provider
143-->[com.google.firebase:firebase-common:20.0.0] AndroidManifest.xml:26:9-31:39
144            android:name="com.google.firebase.provider.FirebaseInitProvider"
144-->[com.google.firebase:firebase-common:20.0.0] AndroidManifest.xml:27:13-77
145            android:authorities="com.example.locationtrack.firebaseinitprovider"
145-->[com.google.firebase:firebase-common:20.0.0] AndroidManifest.xml:28:13-72
146            android:directBootAware="true"
146-->[com.google.firebase:firebase-common:20.0.0] AndroidManifest.xml:29:13-43
147            android:exported="false"
147-->[com.google.firebase:firebase-common:20.0.0] AndroidManifest.xml:30:13-37
148            android:initOrder="100" />
148-->[com.google.firebase:firebase-common:20.0.0] AndroidManifest.xml:31:13-36
149
150        <activity
150-->[com.google.android.gms:play-services-base:17.5.0] AndroidManifest.xml:23:9-26:75
151            android:name="com.google.android.gms.common.api.GoogleApiActivity"
151-->[com.google.android.gms:play-services-base:17.5.0] AndroidManifest.xml:24:13-79
152            android:exported="false"
152-->[com.google.android.gms:play-services-base:17.5.0] AndroidManifest.xml:25:13-37
153            android:theme="@android:style/Theme.Translucent.NoTitleBar" />
153-->[com.google.android.gms:play-services-base:17.5.0] AndroidManifest.xml:26:13-72
154
155        <receiver
155-->[com.google.android.gms:play-services-measurement:19.0.0] AndroidManifest.xml:29:9-33:20
156            android:name="com.google.android.gms.measurement.AppMeasurementReceiver"
156-->[com.google.android.gms:play-services-measurement:19.0.0] AndroidManifest.xml:30:13-85
157            android:enabled="true"
157-->[com.google.android.gms:play-services-measurement:19.0.0] AndroidManifest.xml:31:13-35
158            android:exported="false" >
158-->[com.google.android.gms:play-services-measurement:19.0.0] AndroidManifest.xml:32:13-37
159        </receiver>
160
161        <service
161-->[com.google.android.gms:play-services-measurement:19.0.0] AndroidManifest.xml:35:9-38:40
162            android:name="com.google.android.gms.measurement.AppMeasurementService"
162-->[com.google.android.gms:play-services-measurement:19.0.0] AndroidManifest.xml:36:13-84
163            android:enabled="true"
163-->[com.google.android.gms:play-services-measurement:19.0.0] AndroidManifest.xml:37:13-35
164            android:exported="false" />
164-->[com.google.android.gms:play-services-measurement:19.0.0] AndroidManifest.xml:38:13-37
165        <service
165-->[com.google.android.gms:play-services-measurement:19.0.0] AndroidManifest.xml:39:9-43:72
166            android:name="com.google.android.gms.measurement.AppMeasurementJobService"
166-->[com.google.android.gms:play-services-measurement:19.0.0] AndroidManifest.xml:40:13-87
167            android:enabled="true"
167-->[com.google.android.gms:play-services-measurement:19.0.0] AndroidManifest.xml:41:13-35
168            android:exported="false"
168-->[com.google.android.gms:play-services-measurement:19.0.0] AndroidManifest.xml:42:13-37
169            android:permission="android.permission.BIND_JOB_SERVICE" />
169-->[com.google.android.gms:play-services-measurement:19.0.0] AndroidManifest.xml:43:13-69
170
171        <meta-data
171-->[com.google.android.gms:play-services-basement:17.5.0] AndroidManifest.xml:23:9-25:69
172            android:name="com.google.android.gms.version"
172-->[com.google.android.gms:play-services-basement:17.5.0] AndroidManifest.xml:24:13-58
173            android:value="@integer/google_play_services_version" />
173-->[com.google.android.gms:play-services-basement:17.5.0] AndroidManifest.xml:25:13-66
174
175        <provider
175-->[androidx.emoji2:emoji2:1.0.0] AndroidManifest.xml:26:9-34:20
176            android:name="androidx.startup.InitializationProvider"
176-->[androidx.emoji2:emoji2:1.0.0] AndroidManifest.xml:27:13-67
177            android:authorities="com.example.locationtrack.androidx-startup"
177-->[androidx.emoji2:emoji2:1.0.0] AndroidManifest.xml:28:13-68
178            android:exported="false" >
178-->[androidx.emoji2:emoji2:1.0.0] AndroidManifest.xml:29:13-37
179            <meta-data
179-->[androidx.emoji2:emoji2:1.0.0] AndroidManifest.xml:31:13-33:52
180                android:name="androidx.emoji2.text.EmojiCompatInitializer"
180-->[androidx.emoji2:emoji2:1.0.0] AndroidManifest.xml:32:17-75
181                android:value="androidx.startup" />
181-->[androidx.emoji2:emoji2:1.0.0] AndroidManifest.xml:33:17-49
182            <meta-data
182-->[androidx.lifecycle:lifecycle-process:2.4.0] AndroidManifest.xml:31:13-33:52
183                android:name="androidx.lifecycle.ProcessLifecycleInitializer"
183-->[androidx.lifecycle:lifecycle-process:2.4.0] AndroidManifest.xml:32:17-78
184                android:value="androidx.startup" />
184-->[androidx.lifecycle:lifecycle-process:2.4.0] AndroidManifest.xml:33:17-49
185        </provider>
186
187        <service
187-->[com.google.android.datatransport:transport-runtime:3.0.0] AndroidManifest.xml:26:9-30:19
188            android:name="com.google.android.datatransport.runtime.scheduling.jobscheduling.JobInfoSchedulerService"
188-->[com.google.android.datatransport:transport-runtime:3.0.0] AndroidManifest.xml:27:13-117
189            android:exported="false"
189-->[com.google.android.datatransport:transport-runtime:3.0.0] AndroidManifest.xml:28:13-37
190            android:permission="android.permission.BIND_JOB_SERVICE" >
190-->[com.google.android.datatransport:transport-runtime:3.0.0] AndroidManifest.xml:29:13-69
191        </service>
192
193        <receiver
193-->[com.google.android.datatransport:transport-runtime:3.0.0] AndroidManifest.xml:32:9-34:40
194            android:name="com.google.android.datatransport.runtime.scheduling.jobscheduling.AlarmManagerSchedulerBroadcastReceiver"
194-->[com.google.android.datatransport:transport-runtime:3.0.0] AndroidManifest.xml:33:13-132
195            android:exported="false" />
195-->[com.google.android.datatransport:transport-runtime:3.0.0] AndroidManifest.xml:34:13-37
196    </application>
197
198</manifest>